<?xml version="1.0" encoding="UTF-8"?>
<!-- Generated by org.testng.reporters.JUnitReportReporter -->
<testsuite skipped="0" hostname="HP" name="com.test.Pages.TestNGMethods3" tests="1" failures="0" timestamp="03 Jun 2020 07:28:37 GMT" time="40.618" errors="0">
  <testcase name="Method" time="40.618" classname="com.test.Pages.TestNGMethods3"/>
</testsuite> <!-- com.test.Pages.TestNGMethods3 -->
