<?xml version="1.0" encoding="UTF-8"?>
<!-- Generated by org.testng.reporters.JUnitReportReporter -->
<testsuite skipped="0" hostname="HP" name="com.test.Pages.FirstPage" tests="2" failures="0" timestamp="02 Jun 2020 11:53:16 GMT" time="15.513" errors="0">
  <testcase name="getWeatherDetails" time="13.389" classname="com.test.Pages.FirstPage"/>
  <testcase name="getAllHeaders" time="2.124" classname="com.test.Pages.FirstPage"/>
</testsuite> <!-- com.test.Pages.FirstPage -->
