<?xml version="1.0" encoding="UTF-8"?>
<!-- Generated by org.testng.reporters.JUnitReportReporter -->
<testsuite skipped="0" hostname="HP" name="com.test.Pages.TestNGMethods2" tests="2" failures="0" timestamp="05 Jun 2020 07:06:20 GMT" time="5.147" errors="0">
  <testcase name="Test1" time="0.048" classname="com.test.Pages.TestNGMethods2"/>
  <testcase name="doGetRequest" time="5.099" classname="com.test.Pages.TestNGMethods2"/>
</testsuite> <!-- com.test.Pages.TestNGMethods2 -->
