<?xml version="1.0" encoding="UTF-8"?>
<!-- Generated by org.testng.reporters.JUnitReportReporter -->
<testsuite skipped="0" hostname="HP" name="com.test.Pages.TestNGMethods3" tests="1" failures="0" timestamp="05 Jun 2020 11:27:50 GMT" time="48.818" errors="0">
  <testcase name="Method" time="48.818" classname="com.test.Pages.TestNGMethods3"/>
</testsuite> <!-- com.test.Pages.TestNGMethods3 -->
